REXPaint v1.04

I=0000000 Initializing resources
I=0000003 Initializing Rogue Engine X
I=0000003 |   Starting SDL
I=0000033 |   Importing icon
E=0000033 |   REX_Init() | Application icon "rex/icon.png" not found, this program may not be installed correctly!
I=0000033 |   Confirmed resource initialization
I=0000033 |   Loading colors
I=0000033 |   Initializing font type data
I=0000034 |   Mapping standard ASCII values
I=0000034 |   Loading fonts
I=0000034 |   |   [font set: CP437 12x12]
I=0000036 |   |   ...cp437_12x12.png
I=0000038 |   |   ...cp437_12x12.png
I=0000038 |   |   [font set: CP437 14x14]
I=0000041 |   |   ...cp437_14x14.png
I=0000043 |   |   ...cp437_14x14.png
I=0000043 |   |   [font set: CP437 16x16]
I=0000046 |   |   ...cp437_16x16.png
I=0000049 |   |   ...cp437_16x16.png
I=0000049 |   |   [font set: CP437 18x18]
I=0000052 |   |   ...cp437_18x18.png
I=0000056 |   |   ...cp437_18x18.png
I=0000056 |   |   [font set ignored: CP437 20x20] (resolution exceeds desktop)
I=0000057 |   |   [font set: CP437 8x8]
I=0000058 |   |   ...cp437_8x8.png
I=0000059 |   |   ...cp437_8x8.png
I=0000059 |   |   [font set: CP437 10x10]
I=0000060 |   |   ...cp437_10x10.png
I=0000061 |   |   ...cp437_10x10.png
I=0000061 |   \---DONE
I=0000093 |   Setting video mode
I=0000102 |   Initializing audio
I=0000526 |   Creating console
I=0000528 \---DONE
I=0000529 RP::initialize() | Initializing program
I=0000529 |   Mapping font glyphs
I=0000529 |   Creating game consoles
I=0000530 |   CProgram() | Creating CProgram
I=0000530 |   |   Initializing input domains and commands
I=0000530 |   |   Loading inline colors
I=0000530 |   \---DONE
I=0000530 |   Creating top-level consoles
I=0000530 |   ...CPaint
I=0000531 |   Loading palette: Palette
I=0000532 |   ...CBrowse
E=0000534 |   CPathButton::init() | Unable to open file for reading: images/wfc-demo1.xp
I=0000534 |   ...CCanvas
I=0000536 |   ...CPicker
I=0000537 |   ...CFilename
I=0000537 |   ...CResize
I=0000537 |   ...CConfirm
I=0000537 |   ...COptions
I=0000537 |   ...CCommands
I=0000537 |   ...CMessage
I=0000537 |   ...CMessage 2
I=0000537 |   Http::newsCheck() | Checking version and retrieving news
I=0000537 |   \---DONE
I=0000537 |   Resolving address...
I=0000537 |   Starting REX loop
I=0000547 |   Connecting...
I=0000608 |   Sending content...
I=0000608 |   Waiting for ACK...
I=0004977 |   Saving config
I=0004978 |   exitREXPaint() | Cleaning up program before exit